11:04:20 **** Build of configuration Debug for project 01_blinky ****
make -r -j4 all 
Building file: ../utilities/fsl_assert.c
Building file: ../utilities/fsl_debug_console.c
Building file: ../utilities/fsl_str.c
Building file: ../startup/startup_lpc845.c
Invoking: MCU C Compiler
arm-none-eabi-gcc -DCPU_LPC845M301JBD48 -DCPU_LPC845M301JBD48_cm0plus -DSDK_OS_BAREMETAL -DSDK_DEBUGCONSOLE=1 -DCR_INTEGER_PRINTF -DPRINTF_FLOAT_ENABLE=0 -D__MCUXPRESSO -D__USE_CMSIS -DDEBUG -D__REDLIB__ -I"C:\Users\facum\Documents\curso lse\curso-lse\workspace_lpc845\01_blinky\board" -I"C:\Users\facum\Documents\curso lse\curso-lse\workspace_lpc845\01_blinky\source" -I"C:\Users\facum\Documents\curso lse\curso-lse\workspace_lpc845\01_blinky\component\uart" -I"C:\Users\facum\Documents\curso lse\curso-lse\workspace_lpc845\01_blinky\drivers" -I"C:\Users\facum\Documents\curso lse\curso-lse\workspace_lpc845\01_blinky\CMSIS" -I"C:\Users\facum\Documents\curso lse\curso-lse\workspace_lpc845\01_blinky\device" -I"C:\Users\facum\Documents\curso lse\curso-lse\workspace_lpc845\01_blinky\utilities" -O0 -fno-common -g3 -gdwarf-4 -Wall -c -ffunction-sections -fdata-sections -fno-builtin -fmerge-constants -fmacro-prefix-map="../utilities/"= -mcpu=cortex-m0plus -mthumb -D__REDLIB__ -fstack-usage -specs=redlib.specs -MMD -MP -MF"utilities/fsl_assert.d" -MT"utilities/fsl_assert.o" -MT"utilities/fsl_assert.d" -o "utilities/fsl_assert.o" "../utilities/fsl_assert.c"
Invoking: MCU C Compiler
Invoking: MCU C Compiler
Invoking: MCU C Compiler
arm-none-eabi-gcc -DCPU_LPC845M301JBD48 -DCPU_LPC845M301JBD48_cm0plus -DSDK_OS_BAREMETAL -DSDK_DEBUGCONSOLE=1 -DCR_INTEGER_PRINTF -DPRINTF_FLOAT_ENABLE=0 -D__MCUXPRESSO -D__USE_CMSIS -DDEBUG -D__REDLIB__ -I"C:\Users\facum\Documents\curso lse\curso-lse\workspace_lpc845\01_blinky\board" -I"C:\Users\facum\Documents\curso lse\curso-lse\workspace_lpc845\01_blinky\source" -I"C:\Users\facum\Documents\curso lse\curso-lse\workspace_lpc845\01_blinky\component\uart" -I"C:\Users\facum\Documents\curso lse\curso-lse\workspace_lpc845\01_blinky\drivers" -I"C:\Users\facum\Documents\curso lse\curso-lse\workspace_lpc845\01_blinky\CMSIS" -I"C:\Users\facum\Documents\curso lse\curso-lse\workspace_lpc845\01_blinky\device" -I"C:\Users\facum\Documents\curso lse\curso-lse\workspace_lpc845\01_blinky\utilities" -O0 -fno-common -g3 -gdwarf-4 -Wall -c -ffunction-sections -fdata-sections -fno-builtin -fmerge-constants -fmacro-prefix-map="../utilities/"= -mcpu=cortex-m0plus -mthumb -D__REDLIB__ -fstack-usage -specs=redlib.specs -MMD -MP -MF"utilities/fsl_debug_console.d" -MT"utilities/fsl_debug_console.o" -MT"utilities/fsl_debug_console.d" -o "utilities/fsl_debug_console.o" "../utilities/fsl_debug_console.c"
arm-none-eabi-gcc -DCPU_LPC845M301JBD48 -DCPU_LPC845M301JBD48_cm0plus -DSDK_OS_BAREMETAL -DSDK_DEBUGCONSOLE=1 -DCR_INTEGER_PRINTF -DPRINTF_FLOAT_ENABLE=0 -D__MCUXPRESSO -D__USE_CMSIS -DDEBUG -D__REDLIB__ -I"C:\Users\facum\Documents\curso lse\curso-lse\workspace_lpc845\01_blinky\board" -I"C:\Users\facum\Documents\curso lse\curso-lse\workspace_lpc845\01_blinky\source" -I"C:\Users\facum\Documents\curso lse\curso-lse\workspace_lpc845\01_blinky\component\uart" -I"C:\Users\facum\Documents\curso lse\curso-lse\workspace_lpc845\01_blinky\drivers" -I"C:\Users\facum\Documents\curso lse\curso-lse\workspace_lpc845\01_blinky\CMSIS" -I"C:\Users\facum\Documents\curso lse\curso-lse\workspace_lpc845\01_blinky\device" -I"C:\Users\facum\Documents\curso lse\curso-lse\workspace_lpc845\01_blinky\utilities" -O0 -fno-common -g3 -gdwarf-4 -Wall -c -ffunction-sections -fdata-sections -fno-builtin -fmerge-constants -fmacro-prefix-map="../utilities/"= -mcpu=cortex-m0plus -mthumb -D__REDLIB__ -fstack-usage -specs=redlib.specs -MMD -MP -MF"utilities/fsl_str.d" -MT"utilities/fsl_str.o" -MT"utilities/fsl_str.d" -o "utilities/fsl_str.o" "../utilities/fsl_str.c"
arm-none-eabi-gcc -DCPU_LPC845M301JBD48 -DCPU_LPC845M301JBD48_cm0plus -DSDK_OS_BAREMETAL -DSDK_DEBUGCONSOLE=1 -DCR_INTEGER_PRINTF -DPRINTF_FLOAT_ENABLE=0 -D__MCUXPRESSO -D__USE_CMSIS -DDEBUG -D__REDLIB__ -I"C:\Users\facum\Documents\curso lse\curso-lse\workspace_lpc845\01_blinky\board" -I"C:\Users\facum\Documents\curso lse\curso-lse\workspace_lpc845\01_blinky\source" -I"C:\Users\facum\Documents\curso lse\curso-lse\workspace_lpc845\01_blinky\component\uart" -I"C:\Users\facum\Documents\curso lse\curso-lse\workspace_lpc845\01_blinky\drivers" -I"C:\Users\facum\Documents\curso lse\curso-lse\workspace_lpc845\01_blinky\CMSIS" -I"C:\Users\facum\Documents\curso lse\curso-lse\workspace_lpc845\01_blinky\device" -I"C:\Users\facum\Documents\curso lse\curso-lse\workspace_lpc845\01_blinky\utilities" -O0 -fno-common -g3 -gdwarf-4 -Wall -c -ffunction-sections -fdata-sections -fno-builtin -fmerge-constants -fmacro-prefix-map="../startup/"= -mcpu=cortex-m0plus -mthumb -D__REDLIB__ -fstack-usage -specs=redlib.specs -MMD -MP -MF"startup/startup_lpc845.d" -MT"startup/startup_lpc845.o" -MT"startup/startup_lpc845.d" -o "startup/startup_lpc845.o" "../startup/startup_lpc845.c"
Finished building: ../startup/startup_lpc845.c
Finished building: ../utilities/fsl_debug_console.c
 
 
Finished building: ../utilities/fsl_assert.c
Building file: ../source/01_blinky.c
 
Finished building: ../utilities/fsl_str.c
Building file: ../source/mtb.c
Invoking: MCU C Compiler
arm-none-eabi-gcc -DCPU_LPC845M301JBD48 -DCPU_LPC845M301JBD48_cm0plus -DSDK_OS_BAREMETAL -DSDK_DEBUGCONSOLE=1 -DCR_INTEGER_PRINTF -DPRINTF_FLOAT_ENABLE=0 -D__MCUXPRESSO -D__USE_CMSIS -DDEBUG -D__REDLIB__ -I"C:\Users\facum\Documents\curso lse\curso-lse\workspace_lpc845\01_blinky\board" -I"C:\Users\facum\Documents\curso lse\curso-lse\workspace_lpc845\01_blinky\source" -I"C:\Users\facum\Documents\curso lse\curso-lse\workspace_lpc845\01_blinky\component\uart" -I"C:\Users\facum\Documents\curso lse\curso-lse\workspace_lpc845\01_blinky\drivers" -I"C:\Users\facum\Documents\curso lse\curso-lse\workspace_lpc845\01_blinky\CMSIS" -I"C:\Users\facum\Documents\curso lse\curso-lse\workspace_lpc845\01_blinky\device" -I"C:\Users\facum\Documents\curso lse\curso-lse\workspace_lpc845\01_blinky\utilities" -O0 -fno-common -g3 -gdwarf-4 -Wall -c -ffunction-sections -fdata-sections -fno-builtin -fmerge-constants -fmacro-prefix-map="../source/"= -mcpu=cortex-m0plus -mthumb -D__REDLIB__ -fstack-usage -specs=redlib.specs -MMD -MP -MF"source/01_blinky.d" -MT"source/01_blinky.o" -MT"source/01_blinky.d" -o "source/01_blinky.o" "../source/01_blinky.c"
Invoking: MCU C Compiler
 
arm-none-eabi-gcc -DCPU_LPC845M301JBD48 -DCPU_LPC845M301JBD48_cm0plus -DSDK_OS_BAREMETAL -DSDK_DEBUGCONSOLE=1 -DCR_INTEGER_PRINTF -DPRINTF_FLOAT_ENABLE=0 -D__MCUXPRESSO -D__USE_CMSIS -DDEBUG -D__REDLIB__ -I"C:\Users\facum\Documents\curso lse\curso-lse\workspace_lpc845\01_blinky\board" -I"C:\Users\facum\Documents\curso lse\curso-lse\workspace_lpc845\01_blinky\source" -I"C:\Users\facum\Documents\curso lse\curso-lse\workspace_lpc845\01_blinky\component\uart" -I"C:\Users\facum\Documents\curso lse\curso-lse\workspace_lpc845\01_blinky\drivers" -I"C:\Users\facum\Documents\curso lse\curso-lse\workspace_lpc845\01_blinky\CMSIS" -I"C:\Users\facum\Documents\curso lse\curso-lse\workspace_lpc845\01_blinky\device" -I"C:\Users\facum\Documents\curso lse\curso-lse\workspace_lpc845\01_blinky\utilities" -O0 -fno-common -g3 -gdwarf-4 -Wall -c -ffunction-sections -fdata-sections -fno-builtin -fmerge-constants -fmacro-prefix-map="../source/"= -mcpu=cortex-m0plus -mthumb -D__REDLIB__ -fstack-usage -specs=redlib.specs -MMD -MP -MF"source/mtb.d" -MT"source/mtb.o" -MT"source/mtb.d" -o "source/mtb.o" "../source/mtb.c"
Building file: ../source/semihost_hardfault.c
Building file: ../drivers/fsl_clock.c
Invoking: MCU C Compiler
Invoking: MCU C Compiler
arm-none-eabi-gcc -DCPU_LPC845M301JBD48 -DCPU_LPC845M301JBD48_cm0plus -DSDK_OS_BAREMETAL -DSDK_DEBUGCONSOLE=1 -DCR_INTEGER_PRINTF -DPRINTF_FLOAT_ENABLE=0 -D__MCUXPRESSO -D__USE_CMSIS -DDEBUG -D__REDLIB__ -I"C:\Users\facum\Documents\curso lse\curso-lse\workspace_lpc845\01_blinky\board" -I"C:\Users\facum\Documents\curso lse\curso-lse\workspace_lpc845\01_blinky\source" -I"C:\Users\facum\Documents\curso lse\curso-lse\workspace_lpc845\01_blinky\component\uart" -I"C:\Users\facum\Documents\curso lse\curso-lse\workspace_lpc845\01_blinky\drivers" -I"C:\Users\facum\Documents\curso lse\curso-lse\workspace_lpc845\01_blinky\CMSIS" -I"C:\Users\facum\Documents\curso lse\curso-lse\workspace_lpc845\01_blinky\device" -I"C:\Users\facum\Documents\curso lse\curso-lse\workspace_lpc845\01_blinky\utilities" -O0 -fno-common -g3 -gdwarf-4 -Wall -c -ffunction-sections -fdata-sections -fno-builtin -fmerge-constants -fmacro-prefix-map="../source/"= -mcpu=cortex-m0plus -mthumb -D__REDLIB__ -fstack-usage -specs=redlib.specs -MMD -MP -MF"source/semihost_hardfault.d" -MT"source/semihost_hardfault.o" -MT"source/semihost_hardfault.d" -o "source/semihost_hardfault.o" "../source/semihost_hardfault.c"
arm-none-eabi-gcc -DCPU_LPC845M301JBD48 -DCPU_LPC845M301JBD48_cm0plus -DSDK_OS_BAREMETAL -DSDK_DEBUGCONSOLE=1 -DCR_INTEGER_PRINTF -DPRINTF_FLOAT_ENABLE=0 -D__MCUXPRESSO -D__USE_CMSIS -DDEBUG -D__REDLIB__ -I"C:\Users\facum\Documents\curso lse\curso-lse\workspace_lpc845\01_blinky\board" -I"C:\Users\facum\Documents\curso lse\curso-lse\workspace_lpc845\01_blinky\source" -I"C:\Users\facum\Documents\curso lse\curso-lse\workspace_lpc845\01_blinky\component\uart" -I"C:\Users\facum\Documents\curso lse\curso-lse\workspace_lpc845\01_blinky\drivers" -I"C:\Users\facum\Documents\curso lse\curso-lse\workspace_lpc845\01_blinky\CMSIS" -I"C:\Users\facum\Documents\curso lse\curso-lse\workspace_lpc845\01_blinky\device" -I"C:\Users\facum\Documents\curso lse\curso-lse\workspace_lpc845\01_blinky\utilities" -O0 -fno-common -g3 -gdwarf-4 -Wall -c -ffunction-sections -fdata-sections -fno-builtin -fmerge-constants -fmacro-prefix-map="../drivers/"= -mcpu=cortex-m0plus -mthumb -D__REDLIB__ -fstack-usage -specs=redlib.specs -MMD -MP -MF"drivers/fsl_clock.d" -MT"drivers/fsl_clock.o" -MT"drivers/fsl_clock.d" -o "drivers/fsl_clock.o" "../drivers/fsl_clock.c"
Finished building: ../source/mtb.c
 
Finished building: ../source/semihost_hardfault.c
Building file: ../drivers/fsl_common.c
Invoking: MCU C Compiler
 
arm-none-eabi-gcc -DCPU_LPC845M301JBD48 -DCPU_LPC845M301JBD48_cm0plus -DSDK_OS_BAREMETAL -DSDK_DEBUGCONSOLE=1 -DCR_INTEGER_PRINTF -DPRINTF_FLOAT_ENABLE=0 -D__MCUXPRESSO -D__USE_CMSIS -DDEBUG -D__REDLIB__ -I"C:\Users\facum\Documents\curso lse\curso-lse\workspace_lpc845\01_blinky\board" -I"C:\Users\facum\Documents\curso lse\curso-lse\workspace_lpc845\01_blinky\source" -I"C:\Users\facum\Documents\curso lse\curso-lse\workspace_lpc845\01_blinky\component\uart" -I"C:\Users\facum\Documents\curso lse\curso-lse\workspace_lpc845\01_blinky\drivers" -I"C:\Users\facum\Documents\curso lse\curso-lse\workspace_lpc845\01_blinky\CMSIS" -I"C:\Users\facum\Documents\curso lse\curso-lse\workspace_lpc845\01_blinky\device" -I"C:\Users\facum\Documents\curso lse\curso-lse\workspace_lpc845\01_blinky\utilities" -O0 -fno-common -g3 -gdwarf-4 -Wall -c -ffunction-sections -fdata-sections -fno-builtin -fmerge-constants -fmacro-prefix-map="../drivers/"= -mcpu=cortex-m0plus -mthumb -D__REDLIB__ -fstack-usage -specs=redlib.specs -MMD -MP -MF"drivers/fsl_common.d" -MT"drivers/fsl_common.o" -MT"drivers/fsl_common.d" -o "drivers/fsl_common.o" "../drivers/fsl_common.c"
Building file: ../drivers/fsl_common_arm.c
Invoking: MCU C Compiler
Finished building: ../source/01_blinky.c
arm-none-eabi-gcc -DCPU_LPC845M301JBD48 -DCPU_LPC845M301JBD48_cm0plus -DSDK_OS_BAREMETAL -DSDK_DEBUGCONSOLE=1 -DCR_INTEGER_PRINTF -DPRINTF_FLOAT_ENABLE=0 -D__MCUXPRESSO -D__USE_CMSIS -DDEBUG -D__REDLIB__ -I"C:\Users\facum\Documents\curso lse\curso-lse\workspace_lpc845\01_blinky\board" -I"C:\Users\facum\Documents\curso lse\curso-lse\workspace_lpc845\01_blinky\source" -I"C:\Users\facum\Documents\curso lse\curso-lse\workspace_lpc845\01_blinky\component\uart" -I"C:\Users\facum\Documents\curso lse\curso-lse\workspace_lpc845\01_blinky\drivers" -I"C:\Users\facum\Documents\curso lse\curso-lse\workspace_lpc845\01_blinky\CMSIS" -I"C:\Users\facum\Documents\curso lse\curso-lse\workspace_lpc845\01_blinky\device" -I"C:\Users\facum\Documents\curso lse\curso-lse\workspace_lpc845\01_blinky\utilities" -O0 -fno-common -g3 -gdwarf-4 -Wall -c -ffunction-sections -fdata-sections -fno-builtin -fmerge-constants -fmacro-prefix-map="../drivers/"= -mcpu=cortex-m0plus -mthumb -D__REDLIB__ -fstack-usage -specs=redlib.specs -MMD -MP -MF"drivers/fsl_common_arm.d" -MT"drivers/fsl_common_arm.o" -MT"drivers/fsl_common_arm.d" -o "drivers/fsl_common_arm.o" "../drivers/fsl_common_arm.c"
 
Finished building: ../drivers/fsl_clock.c
Building file: ../drivers/fsl_gpio.c
 
Invoking: MCU C Compiler
arm-none-eabi-gcc -DCPU_LPC845M301JBD48 -DCPU_LPC845M301JBD48_cm0plus -DSDK_OS_BAREMETAL -DSDK_DEBUGCONSOLE=1 -DCR_INTEGER_PRINTF -DPRINTF_FLOAT_ENABLE=0 -D__MCUXPRESSO -D__USE_CMSIS -DDEBUG -D__REDLIB__ -I"C:\Users\facum\Documents\curso lse\curso-lse\workspace_lpc845\01_blinky\board" -I"C:\Users\facum\Documents\curso lse\curso-lse\workspace_lpc845\01_blinky\source" -I"C:\Users\facum\Documents\curso lse\curso-lse\workspace_lpc845\01_blinky\component\uart" -I"C:\Users\facum\Documents\curso lse\curso-lse\workspace_lpc845\01_blinky\drivers" -I"C:\Users\facum\Documents\curso lse\curso-lse\workspace_lpc845\01_blinky\CMSIS" -I"C:\Users\facum\Documents\curso lse\curso-lse\workspace_lpc845\01_blinky\device" -I"C:\Users\facum\Documents\curso lse\curso-lse\workspace_lpc845\01_blinky\utilities" -O0 -fno-common -g3 -gdwarf-4 -Wall -c -ffunction-sections -fdata-sections -fno-builtin -fmerge-constants -fmacro-prefix-map="../drivers/"= -mcpu=cortex-m0plus -mthumb -D__REDLIB__ -fstack-usage -specs=redlib.specs -MMD -MP -MF"drivers/fsl_gpio.d" -MT"drivers/fsl_gpio.o" -MT"drivers/fsl_gpio.d" -o "drivers/fsl_gpio.o" "../drivers/fsl_gpio.c"
Building file: ../drivers/fsl_power.c
Invoking: MCU C Compiler
arm-none-eabi-gcc -DCPU_LPC845M301JBD48 -DCPU_LPC845M301JBD48_cm0plus -DSDK_OS_BAREMETAL -DSDK_DEBUGCONSOLE=1 -DCR_INTEGER_PRINTF -DPRINTF_FLOAT_ENABLE=0 -D__MCUXPRESSO -D__USE_CMSIS -DDEBUG -D__REDLIB__ -I"C:\Users\facum\Documents\curso lse\curso-lse\workspace_lpc845\01_blinky\board" -I"C:\Users\facum\Documents\curso lse\curso-lse\workspace_lpc845\01_blinky\source" -I"C:\Users\facum\Documents\curso lse\curso-lse\workspace_lpc845\01_blinky\component\uart" -I"C:\Users\facum\Documents\curso lse\curso-lse\workspace_lpc845\01_blinky\drivers" -I"C:\Users\facum\Documents\curso lse\curso-lse\workspace_lpc845\01_blinky\CMSIS" -I"C:\Users\facum\Documents\curso lse\curso-lse\workspace_lpc845\01_blinky\device" -I"C:\Users\facum\Documents\curso lse\curso-lse\workspace_lpc845\01_blinky\utilities" -O0 -fno-common -g3 -gdwarf-4 -Wall -c -ffunction-sections -fdata-sections -fno-builtin -fmerge-constants -fmacro-prefix-map="../drivers/"= -mcpu=cortex-m0plus -mthumb -D__REDLIB__ -fstack-usage -specs=redlib.specs -MMD -MP -MF"drivers/fsl_power.d" -MT"drivers/fsl_power.o" -MT"drivers/fsl_power.d" -o "drivers/fsl_power.o" "../drivers/fsl_power.c"
Finished building: ../drivers/fsl_common_arm.c
Finished building: ../drivers/fsl_common.c
 
 
Building file: ../drivers/fsl_swm.c
Building file: ../drivers/fsl_reset.c
Invoking: MCU C Compiler
arm-none-eabi-gcc -DCPU_LPC845M301JBD48 -DCPU_LPC845M301JBD48_cm0plus -DSDK_OS_BAREMETAL -DSDK_DEBUGCONSOLE=1 -DCR_INTEGER_PRINTF -DPRINTF_FLOAT_ENABLE=0 -D__MCUXPRESSO -D__USE_CMSIS -DDEBUG -D__REDLIB__ -I"C:\Users\facum\Documents\curso lse\curso-lse\workspace_lpc845\01_blinky\board" -I"C:\Users\facum\Documents\curso lse\curso-lse\workspace_lpc845\01_blinky\source" -I"C:\Users\facum\Documents\curso lse\curso-lse\workspace_lpc845\01_blinky\component\uart" -I"C:\Users\facum\Documents\curso lse\curso-lse\workspace_lpc845\01_blinky\drivers" -I"C:\Users\facum\Documents\curso lse\curso-lse\workspace_lpc845\01_blinky\CMSIS" -I"C:\Users\facum\Documents\curso lse\curso-lse\workspace_lpc845\01_blinky\device" -I"C:\Users\facum\Documents\curso lse\curso-lse\workspace_lpc845\01_blinky\utilities" -O0 -fno-common -g3 -gdwarf-4 -Wall -c -ffunction-sections -fdata-sections -fno-builtin -fmerge-constants -fmacro-prefix-map="../drivers/"= -mcpu=cortex-m0plus -mthumb -D__REDLIB__ -fstack-usage -specs=redlib.specs -MMD -MP -MF"drivers/fsl_swm.d" -MT"drivers/fsl_swm.o" -MT"drivers/fsl_swm.d" -o "drivers/fsl_swm.o" "../drivers/fsl_swm.c"
Finished building: ../drivers/fsl_gpio.c
Invoking: MCU C Compiler
arm-none-eabi-gcc -DCPU_LPC845M301JBD48 -DCPU_LPC845M301JBD48_cm0plus -DSDK_OS_BAREMETAL -DSDK_DEBUGCONSOLE=1 -DCR_INTEGER_PRINTF -DPRINTF_FLOAT_ENABLE=0 -D__MCUXPRESSO -D__USE_CMSIS -DDEBUG -D__REDLIB__ -I"C:\Users\facum\Documents\curso lse\curso-lse\workspace_lpc845\01_blinky\board" -I"C:\Users\facum\Documents\curso lse\curso-lse\workspace_lpc845\01_blinky\source" -I"C:\Users\facum\Documents\curso lse\curso-lse\workspace_lpc845\01_blinky\component\uart" -I"C:\Users\facum\Documents\curso lse\curso-lse\workspace_lpc845\01_blinky\drivers" -I"C:\Users\facum\Documents\curso lse\curso-lse\workspace_lpc845\01_blinky\CMSIS" -I"C:\Users\facum\Documents\curso lse\curso-lse\workspace_lpc845\01_blinky\device" -I"C:\Users\facum\Documents\curso lse\curso-lse\workspace_lpc845\01_blinky\utilities" -O0 -fno-common -g3 -gdwarf-4 -Wall -c -ffunction-sections -fdata-sections -fno-builtin -fmerge-constants -fmacro-prefix-map="../drivers/"= -mcpu=cortex-m0plus -mthumb -D__REDLIB__ -fstack-usage -specs=redlib.specs -MMD -MP -MF"drivers/fsl_reset.d" -MT"drivers/fsl_reset.o" -MT"drivers/fsl_reset.d" -o "drivers/fsl_reset.o" "../drivers/fsl_reset.c"
 
Building file: ../drivers/fsl_usart.c
Invoking: MCU C Compiler
arm-none-eabi-gcc -DCPU_LPC845M301JBD48 -DCPU_LPC845M301JBD48_cm0plus -DSDK_OS_BAREMETAL -DSDK_DEBUGCONSOLE=1 -DCR_INTEGER_PRINTF -DPRINTF_FLOAT_ENABLE=0 -D__MCUXPRESSO -D__USE_CMSIS -DDEBUG -D__REDLIB__ -I"C:\Users\facum\Documents\curso lse\curso-lse\workspace_lpc845\01_blinky\board" -I"C:\Users\facum\Documents\curso lse\curso-lse\workspace_lpc845\01_blinky\source" -I"C:\Users\facum\Documents\curso lse\curso-lse\workspace_lpc845\01_blinky\component\uart" -I"C:\Users\facum\Documents\curso lse\curso-lse\workspace_lpc845\01_blinky\drivers" -I"C:\Users\facum\Documents\curso lse\curso-lse\workspace_lpc845\01_blinky\CMSIS" -I"C:\Users\facum\Documents\curso lse\curso-lse\workspace_lpc845\01_blinky\device" -I"C:\Users\facum\Documents\curso lse\curso-lse\workspace_lpc845\01_blinky\utilities" -O0 -fno-common -g3 -gdwarf-4 -Wall -c -ffunction-sections -fdata-sections -fno-builtin -fmerge-constants -fmacro-prefix-map="../drivers/"= -mcpu=cortex-m0plus -mthumb -D__REDLIB__ -fstack-usage -specs=redlib.specs -MMD -MP -MF"drivers/fsl_usart.d" -MT"drivers/fsl_usart.o" -MT"drivers/fsl_usart.d" -o "drivers/fsl_usart.o" "../drivers/fsl_usart.c"
Finished building: ../drivers/fsl_power.c
 
Building file: ../device/system_LPC845.c
Invoking: MCU C Compiler
arm-none-eabi-gcc -DCPU_LPC845M301JBD48 -DCPU_LPC845M301JBD48_cm0plus -DSDK_OS_BAREMETAL -DSDK_DEBUGCONSOLE=1 -DCR_INTEGER_PRINTF -DPRINTF_FLOAT_ENABLE=0 -D__MCUXPRESSO -D__USE_CMSIS -DDEBUG -D__REDLIB__ -I"C:\Users\facum\Documents\curso lse\curso-lse\workspace_lpc845\01_blinky\board" -I"C:\Users\facum\Documents\curso lse\curso-lse\workspace_lpc845\01_blinky\source" -I"C:\Users\facum\Documents\curso lse\curso-lse\workspace_lpc845\01_blinky\component\uart" -I"C:\Users\facum\Documents\curso lse\curso-lse\workspace_lpc845\01_blinky\drivers" -I"C:\Users\facum\Documents\curso lse\curso-lse\workspace_lpc845\01_blinky\CMSIS" -I"C:\Users\facum\Documents\curso lse\curso-lse\workspace_lpc845\01_blinky\device" -I"C:\Users\facum\Documents\curso lse\curso-lse\workspace_lpc845\01_blinky\utilities" -O0 -fno-common -g3 -gdwarf-4 -Wall -c -ffunction-sections -fdata-sections -fno-builtin -fmerge-constants -fmacro-prefix-map="../device/"= -mcpu=cortex-m0plus -mthumb -D__REDLIB__ -fstack-usage -specs=redlib.specs -MMD -MP -MF"device/system_LPC845.d" -MT"device/system_LPC845.o" -MT"device/system_LPC845.d" -o "device/system_LPC845.o" "../device/system_LPC845.c"
Finished building: ../drivers/fsl_swm.c
Finished building: ../drivers/fsl_reset.c
 
 
Building file: ../component/uart/fsl_adapter_miniusart.c
Invoking: MCU C Compiler
Building file: ../board/board.c
arm-none-eabi-gcc -DCPU_LPC845M301JBD48 -DCPU_LPC845M301JBD48_cm0plus -DSDK_OS_BAREMETAL -DSDK_DEBUGCONSOLE=1 -DCR_INTEGER_PRINTF -DPRINTF_FLOAT_ENABLE=0 -D__MCUXPRESSO -D__USE_CMSIS -DDEBUG -D__REDLIB__ -I"C:\Users\facum\Documents\curso lse\curso-lse\workspace_lpc845\01_blinky\board" -I"C:\Users\facum\Documents\curso lse\curso-lse\workspace_lpc845\01_blinky\source" -I"C:\Users\facum\Documents\curso lse\curso-lse\workspace_lpc845\01_blinky\component\uart" -I"C:\Users\facum\Documents\curso lse\curso-lse\workspace_lpc845\01_blinky\drivers" -I"C:\Users\facum\Documents\curso lse\curso-lse\workspace_lpc845\01_blinky\CMSIS" -I"C:\Users\facum\Documents\curso lse\curso-lse\workspace_lpc845\01_blinky\device" -I"C:\Users\facum\Documents\curso lse\curso-lse\workspace_lpc845\01_blinky\utilities" -O0 -fno-common -g3 -gdwarf-4 -Wall -c -ffunction-sections -fdata-sections -fno-builtin -fmerge-constants -fmacro-prefix-map="../component/uart/"= -mcpu=cortex-m0plus -mthumb -D__REDLIB__ -fstack-usage -specs=redlib.specs -MMD -MP -MF"component/uart/fsl_adapter_miniusart.d" -MT"component/uart/fsl_adapter_miniusart.o" -MT"component/uart/fsl_adapter_miniusart.d" -o "component/uart/fsl_adapter_miniusart.o" "../component/uart/fsl_adapter_miniusart.c"
Invoking: MCU C Compiler
arm-none-eabi-gcc -DCPU_LPC845M301JBD48 -DCPU_LPC845M301JBD48_cm0plus -DSDK_OS_BAREMETAL -DSDK_DEBUGCONSOLE=1 -DCR_INTEGER_PRINTF -DPRINTF_FLOAT_ENABLE=0 -D__MCUXPRESSO -D__USE_CMSIS -DDEBUG -D__REDLIB__ -I"C:\Users\facum\Documents\curso lse\curso-lse\workspace_lpc845\01_blinky\board" -I"C:\Users\facum\Documents\curso lse\curso-lse\workspace_lpc845\01_blinky\source" -I"C:\Users\facum\Documents\curso lse\curso-lse\workspace_lpc845\01_blinky\component\uart" -I"C:\Users\facum\Documents\curso lse\curso-lse\workspace_lpc845\01_blinky\drivers" -I"C:\Users\facum\Documents\curso lse\curso-lse\workspace_lpc845\01_blinky\CMSIS" -I"C:\Users\facum\Documents\curso lse\curso-lse\workspace_lpc845\01_blinky\device" -I"C:\Users\facum\Documents\curso lse\curso-lse\workspace_lpc845\01_blinky\utilities" -O0 -fno-common -g3 -gdwarf-4 -Wall -c -ffunction-sections -fdata-sections -fno-builtin -fmerge-constants -fmacro-prefix-map="../board/"= -mcpu=cortex-m0plus -mthumb -D__REDLIB__ -fstack-usage -specs=redlib.specs -MMD -MP -MF"board/board.d" -MT"board/board.o" -MT"board/board.d" -o "board/board.o" "../board/board.c"
Finished building: ../drivers/fsl_usart.c
Finished building: ../device/system_LPC845.c
 
 
Building file: ../board/clock_config.c
Building file: ../board/peripherals.c
Invoking: MCU C Compiler
Invoking: MCU C Compiler
arm-none-eabi-gcc -DCPU_LPC845M301JBD48 -DCPU_LPC845M301JBD48_cm0plus -DSDK_OS_BAREMETAL -DSDK_DEBUGCONSOLE=1 -DCR_INTEGER_PRINTF -DPRINTF_FLOAT_ENABLE=0 -D__MCUXPRESSO -D__USE_CMSIS -DDEBUG -D__REDLIB__ -I"C:\Users\facum\Documents\curso lse\curso-lse\workspace_lpc845\01_blinky\board" -I"C:\Users\facum\Documents\curso lse\curso-lse\workspace_lpc845\01_blinky\source" -I"C:\Users\facum\Documents\curso lse\curso-lse\workspace_lpc845\01_blinky\component\uart" -I"C:\Users\facum\Documents\curso lse\curso-lse\workspace_lpc845\01_blinky\drivers" -I"C:\Users\facum\Documents\curso lse\curso-lse\workspace_lpc845\01_blinky\CMSIS" -I"C:\Users\facum\Documents\curso lse\curso-lse\workspace_lpc845\01_blinky\device" -I"C:\Users\facum\Documents\curso lse\curso-lse\workspace_lpc845\01_blinky\utilities" -O0 -fno-common -g3 -gdwarf-4 -Wall -c -ffunction-sections -fdata-sections -fno-builtin -fmerge-constants -fmacro-prefix-map="../board/"= -mcpu=cortex-m0plus -mthumb -D__REDLIB__ -fstack-usage -specs=redlib.specs -MMD -MP -MF"board/clock_config.d" -MT"board/clock_config.o" -MT"board/clock_config.d" -o "board/clock_config.o" "../board/clock_config.c"
arm-none-eabi-gcc -DCPU_LPC845M301JBD48 -DCPU_LPC845M301JBD48_cm0plus -DSDK_OS_BAREMETAL -DSDK_DEBUGCONSOLE=1 -DCR_INTEGER_PRINTF -DPRINTF_FLOAT_ENABLE=0 -D__MCUXPRESSO -D__USE_CMSIS -DDEBUG -D__REDLIB__ -I"C:\Users\facum\Documents\curso lse\curso-lse\workspace_lpc845\01_blinky\board" -I"C:\Users\facum\Documents\curso lse\curso-lse\workspace_lpc845\01_blinky\source" -I"C:\Users\facum\Documents\curso lse\curso-lse\workspace_lpc845\01_blinky\component\uart" -I"C:\Users\facum\Documents\curso lse\curso-lse\workspace_lpc845\01_blinky\drivers" -I"C:\Users\facum\Documents\curso lse\curso-lse\workspace_lpc845\01_blinky\CMSIS" -I"C:\Users\facum\Documents\curso lse\curso-lse\workspace_lpc845\01_blinky\device" -I"C:\Users\facum\Documents\curso lse\curso-lse\workspace_lpc845\01_blinky\utilities" -O0 -fno-common -g3 -gdwarf-4 -Wall -c -ffunction-sections -fdata-sections -fno-builtin -fmerge-constants -fmacro-prefix-map="../board/"= -mcpu=cortex-m0plus -mthumb -D__REDLIB__ -fstack-usage -specs=redlib.specs -MMD -MP -MF"board/peripherals.d" -MT"board/peripherals.o" -MT"board/peripherals.d" -o "board/peripherals.o" "../board/peripherals.c"
Finished building: ../component/uart/fsl_adapter_miniusart.c
Finished building: ../board/board.c
Finished building: ../board/peripherals.c
 
 
 
Building file: ../board/pin_mux.c
Invoking: MCU C Compiler
arm-none-eabi-gcc -DCPU_LPC845M301JBD48 -DCPU_LPC845M301JBD48_cm0plus -DSDK_OS_BAREMETAL -DSDK_DEBUGCONSOLE=1 -DCR_INTEGER_PRINTF -DPRINTF_FLOAT_ENABLE=0 -D__MCUXPRESSO -D__USE_CMSIS -DDEBUG -D__REDLIB__ -I"C:\Users\facum\Documents\curso lse\curso-lse\workspace_lpc845\01_blinky\board" -I"C:\Users\facum\Documents\curso lse\curso-lse\workspace_lpc845\01_blinky\source" -I"C:\Users\facum\Documents\curso lse\curso-lse\workspace_lpc845\01_blinky\component\uart" -I"C:\Users\facum\Documents\curso lse\curso-lse\workspace_lpc845\01_blinky\drivers" -I"C:\Users\facum\Documents\curso lse\curso-lse\workspace_lpc845\01_blinky\CMSIS" -I"C:\Users\facum\Documents\curso lse\curso-lse\workspace_lpc845\01_blinky\device" -I"C:\Users\facum\Documents\curso lse\curso-lse\workspace_lpc845\01_blinky\utilities" -O0 -fno-common -g3 -gdwarf-4 -Wall -c -ffunction-sections -fdata-sections -fno-builtin -fmerge-constants -fmacro-prefix-map="../board/"= -mcpu=cortex-m0plus -mthumb -D__REDLIB__ -fstack-usage -specs=redlib.specs -MMD -MP -MF"board/pin_mux.d" -MT"board/pin_mux.o" -MT"board/pin_mux.d" -o "board/pin_mux.o" "../board/pin_mux.c"
Finished building: ../board/clock_config.c
 
Finished building: ../board/pin_mux.c
 
Building target: 01_blinky.axf
Invoking: MCU Linker
arm-none-eabi-gcc -nostdlib -Xlinker -Map="01_blinky.map" -Xlinker --gc-sections -Xlinker -print-memory-usage -Xlinker --sort-section=alignment -Xlinker --cref -mcpu=cortex-m0plus -mthumb -T 01_blinky_Debug.ld -o "01_blinky.axf" ./utilities/fsl_assert.o ./utilities/fsl_debug_console.o ./utilities/fsl_str.o  ./startup/startup_lpc845.o  ./source/01_blinky.o ./source/mtb.o ./source/semihost_hardfault.o  ./drivers/fsl_clock.o ./drivers/fsl_common.o ./drivers/fsl_common_arm.o ./drivers/fsl_gpio.o ./drivers/fsl_power.o ./drivers/fsl_reset.o ./drivers/fsl_swm.o ./drivers/fsl_usart.o  ./device/system_LPC845.o  ./component/uart/fsl_adapter_miniusart.o  ./board/board.o ./board/clock_config.o ./board/peripherals.o ./board/pin_mux.o   
Memory region         Used Size  Region Size  %age Used
   PROGRAM_FLASH:        9520 B        64 KB     14.53%
            SRAM:        2400 B      16352 B     14.68%
        IAP_SRAM:          0 GB         32 B      0.00%
Finished building target: 01_blinky.axf
 
Performing post-build steps
arm-none-eabi-size "01_blinky.axf"; # arm-none-eabi-objcopy -v -O binary "01_blinky.axf" "01_blinky.bin" ; # checksum -p LPC845 -d "01_blinky.bin";
   text	   data	    bss	    dec	    hex	filename
   9516	      4	   2396	  11916	   2e8c	01_blinky.axf
 

11:04:26 Build Finished. 0 errors, 0 warnings. (took 6s.165ms)

